<?xml version="1.0" encoding="UTF-8"?>
<!-- Generated by org.testng.reporters.JUnitXMLReporter -->
<testsuite hostname="LTIN213619" ignored="0" name="Campus Valid Form" tests="4" failures="0" timestamp="20 Jan 2022 09:14:22 GMT" time="109.941" errors="0">
  <testcase name="GoToURL" time="28.802" classname="Modules.CampusForm.TestValidData"/>
  <testcase name="NavigateToForm" time="54.13" classname="Modules.CampusForm.TestValidData"/>
  <testcase name="verifyElements" time="1.071" classname="Modules.CampusForm.TestValidData"/>
  <testcase name="fillFormValidData" time="16.561" classname="Modules.CampusForm.TestValidData"/>
</testsuite> <!-- Campus Valid Form -->
