<?xml version="1.0" encoding="UTF-8"?>
<!-- Generated by org.testng.reporters.JUnitXMLReporter -->
<testsuite hostname="LTIN213619" ignored="0" name="Campus InvValid Form" tests="4" failures="0" timestamp="20 Jan 2022 09:16:14 GMT" time="111.947" errors="0">
  <testcase name="GoToURL" time="35.614" classname="Modules.CampusForm.TestInvalidData"/>
  <testcase name="NavigateToForm" time="48.562" classname="Modules.CampusForm.TestInvalidData"/>
  <testcase name="verifyElements" time="1.814" classname="Modules.CampusForm.TestInvalidData"/>
  <testcase name="fillFormInvalidData" time="18.634" classname="Modules.CampusForm.TestInvalidData"/>
</testsuite> <!-- Campus InvValid Form -->
