<?xml version="1.0" encoding="UTF-8"?>
<!-- Generated by org.testng.reporters.JUnitXMLReporter -->
<testsuite hostname="LTIN213619" ignored="0" name="Campus Null Form" tests="4" failures="0" timestamp="20 Jan 2022 09:18:05 GMT" time="111.303" errors="0">
  <testcase name="GoToURL" time="39.772" classname="Modules.CampusForm.NullData"/>
  <testcase name="NavigateToForm" time="60.992" classname="Modules.CampusForm.NullData"/>
  <testcase name="verifyElements" time="1.02" classname="Modules.CampusForm.NullData"/>
  <testcase name="submitForm" time="2.197" classname="Modules.CampusForm.NullData"/>
</testsuite> <!-- Campus Null Form -->
