<?xml version="1.0" encoding="UTF-8"?>
<!-- Generated by org.testng.reporters.JUnitXMLReporter -->
<testsuite hostname="LTIN213619" ignored="0" name="Print Courses" tests="9" failures="0" timestamp="20 Jan 2022 09:05:15 GMT" time="95.605" errors="0">
  <testcase name="GoToURL" time="39.592" classname="Modules.PrintCourses"/>
  <testcase name="checkHomePageUI" time="4.714" classname="Modules.PrintCourses"/>
  <testcase name="searchForCourse" time="15.311" classname="Modules.PrintCourses"/>
  <testcase name="selectFilters" time="9.58" classname="Modules.PrintCourses"/>
  <testcase name="waitForCourses" time="0.222" classname="Modules.PrintCourses"/>
  <testcase name="clickFirstCourse" time="5.631" classname="Modules.PrintCourses"/>
  <testcase name="printFirstCourseDetails" time="1.346" classname="Modules.PrintCourses"/>
  <testcase name="clickSecondCourse" time="6.811" classname="Modules.PrintCourses"/>
  <testcase name="printSecondCourseDetails" time="5.239" classname="Modules.PrintCourses"/>
</testsuite> <!-- Print Courses -->
