<?xml version="1.0" encoding="UTF-8"?>
<testng-results skipped="0" failed="0" ignored="0" total="1" passed="1">
  <reporter-output>
  </reporter-output>
  <suite name="Suite" duration-ms="100320" started-at="2022-01-18T07:46:38Z" finished-at="2022-01-18T07:48:18Z">
    <groups>
    </groups>
    <test name="Test" duration-ms="100320" started-at="2022-01-18T07:46:38Z" finished-at="2022-01-18T07:48:18Z">
      <class name="Modules.LanguageLearning">
        <test-method status="PASS" signature="languageLearning(java.lang.String)[pri:0, instance:Modules.LanguageLearning@42d80b78]" name="languageLearning" duration-ms="92686" started-at="2022-01-18T07:46:38Z" finished-at="2022-01-18T07:48:11Z">
          <params>
            <param index="0">
              <value>
                <![CDATA[chrome]]>
              </value>
            </param>
          </params>
          <reporter-output>
          </reporter-output>
        </test-method> <!-- languageLearning -->
        <test-method status="PASS" signature="quit()[pri:0, instance:Modules.LanguageLearning@42d80b78]" name="quit" is-config="true" duration-ms="7311" started-at="2022-01-18T07:48:11Z" finished-at="2022-01-18T07:48:18Z">
          <reporter-output>
          </reporter-output>
        </test-method> <!-- quit -->
      </class> <!-- Modules.LanguageLearning -->
    </test> <!-- Test -->
  </suite> <!-- Suite -->
</testng-results>
