<?xml version="1.0" encoding="UTF-8"?>
<!-- Generated by org.testng.reporters.JUnitXMLReporter -->
<testsuite hostname="LTIN213619" ignored="3" name="Campus Form" tests="1" failures="0" timestamp="20 Jan 2022 07:37:57 GMT" time="30.379" errors="0">
  <testcase name="GoToURL" time="30.37" classname="Modules.CampusForm.TestValidData"/>
  <testcase name="verifyElements" time="0.0" classname="Modules.CampusForm.TestValidData">
    <ignored/>
  </testcase> <!-- verifyElements -->
  <testcase name="fillFormValidData" time="0.0" classname="Modules.CampusForm.TestValidData">
    <ignored/>
  </testcase> <!-- fillFormValidData -->
  <testcase name="NavigateToForm" time="0.0" classname="Modules.CampusForm.TestValidData">
    <ignored/>
  </testcase> <!-- NavigateToForm -->
</testsuite> <!-- Campus Form -->
