<?xml version="1.0" encoding="UTF-8"?>
<!-- Generated by org.testng.reporters.JUnitXMLReporter -->
<testsuite hostname="LTIN213619" ignored="1" name="Language Learning" tests="1" failures="0" timestamp="20 Jan 2022 09:02:09 GMT" time="76.164" errors="0">
  <testcase name="languageLearning" time="66.798" classname="Modules.LanguageLearning"/>
  <testcase name="print" time="0.0" classname="Modules.LanguageLearning">
    <ignored/>
  </testcase> <!-- print -->
</testsuite> <!-- Language Learning -->
