<?xml version="1.0" encoding="UTF-8"?>
<!-- Generated by org.testng.reporters.JUnitXMLReporter -->
<testsuite hostname="LTIN213619" ignored="5" name="Print Courses" tests="4" failures="0" timestamp="20 Jan 2022 09:00:53 GMT" time="72.734" errors="0">
  <testcase name="GoToURL" time="33.522" classname="Modules.PrintCourses"/>
  <testcase name="checkHomePageUI" time="3.997" classname="Modules.PrintCourses"/>
  <testcase name="searchForCourse" time="17.422" classname="Modules.PrintCourses"/>
  <testcase name="selectFilters" time="10.472" classname="Modules.PrintCourses"/>
  <testcase name="printSecondCourseDetails" time="0.0" classname="Modules.PrintCourses">
    <ignored/>
  </testcase> <!-- printSecondCourseDetails -->
  <testcase name="clickFirstCourse" time="0.0" classname="Modules.PrintCourses">
    <ignored/>
  </testcase> <!-- clickFirstCourse -->
  <testcase name="waitForCourses" time="0.0" classname="Modules.PrintCourses">
    <ignored/>
  </testcase> <!-- waitForCourses -->
  <testcase name="printFirstCourseDetails" time="0.0" classname="Modules.PrintCourses">
    <ignored/>
  </testcase> <!-- printFirstCourseDetails -->
  <testcase name="clickSecondCourse" time="0.0" classname="Modules.PrintCourses">
    <ignored/>
  </testcase> <!-- clickSecondCourse -->
</testsuite> <!-- Print Courses -->
