<?xml version="1.0" encoding="UTF-8"?>
<!-- Generated by org.testng.reporters.JUnitXMLReporter -->
<testsuite hostname="LTIN213619" ignored="3" name="Print Courses" tests="6" failures="0" timestamp="20 Jan 2022 08:51:58 GMT" time="89.337" errors="0">
  <testcase name="GoToURL" time="43.86" classname="Modules.PrintCourses"/>
  <testcase name="checkHomePageUI" time="5.89" classname="Modules.PrintCourses"/>
  <testcase name="searchForCourse" time="14.944" classname="Modules.PrintCourses"/>
  <testcase name="selectFilters" time="9.19" classname="Modules.PrintCourses"/>
  <testcase name="waitForCourses" time="0.803" classname="Modules.PrintCourses"/>
  <testcase name="clickFirstCourse" time="6.062" classname="Modules.PrintCourses"/>
  <testcase name="printSecondCourseDetails" time="0.0" classname="Modules.PrintCourses">
    <ignored/>
  </testcase> <!-- printSecondCourseDetails -->
  <testcase name="printFirstCourseDetails" time="0.0" classname="Modules.PrintCourses">
    <ignored/>
  </testcase> <!-- printFirstCourseDetails -->
  <testcase name="clickSecondCourse" time="0.0" classname="Modules.PrintCourses">
    <ignored/>
  </testcase> <!-- clickSecondCourse -->
</testsuite> <!-- Print Courses -->
