<?xml version="1.0" encoding="UTF-8"?>
<!-- Generated by org.testng.reporters.JUnitXMLReporter -->
<testsuite hostname="LTIN213619" ignored="7" name="Print Courses" tests="2" failures="0" timestamp="20 Jan 2022 08:56:23 GMT" time="45.213" errors="0">
  <testcase name="GoToURL" time="21.283" classname="Modules.PrintCourses"/>
  <testcase name="checkHomePageUI" time="16.864" classname="Modules.PrintCourses"/>
  <testcase name="selectFilters" time="0.0" classname="Modules.PrintCourses">
    <ignored/>
  </testcase> <!-- selectFilters -->
  <testcase name="printSecondCourseDetails" time="0.0" classname="Modules.PrintCourses">
    <ignored/>
  </testcase> <!-- printSecondCourseDetails -->
  <testcase name="clickFirstCourse" time="0.0" classname="Modules.PrintCourses">
    <ignored/>
  </testcase> <!-- clickFirstCourse -->
  <testcase name="waitForCourses" time="0.0" classname="Modules.PrintCourses">
    <ignored/>
  </testcase> <!-- waitForCourses -->
  <testcase name="printFirstCourseDetails" time="0.0" classname="Modules.PrintCourses">
    <ignored/>
  </testcase> <!-- printFirstCourseDetails -->
  <testcase name="clickSecondCourse" time="0.0" classname="Modules.PrintCourses">
    <ignored/>
  </testcase> <!-- clickSecondCourse -->
  <testcase name="searchForCourse" time="0.0" classname="Modules.PrintCourses">
    <ignored/>
  </testcase> <!-- searchForCourse -->
</testsuite> <!-- Print Courses -->
